<?xml version="1.0" encoding="UTF-8"?>
<!-- Generated by org.testng.reporters.JUnitReportReporter -->
<testsuite name="proj_demo.Test_Class" tests="1" time="13.752" ignored="0" failures="0" timestamp="08 Mar 2017 19:10:15 GMT" skipped="0" hostname="PC-ABHAYK" errors="0">
  <testcase name="verify_login" time="13.752" classname="proj_demo.Test_Class"/>
</testsuite> <!-- proj_demo.Test_Class -->
